# JRE version: OpenJDK Runtime Environment Temurin-21.0.6+7 (21.0.6+7) (build 21.0.6+7-LTS)
# Java VM: OpenJDK 64-Bit Server VM Temurin-21.0.6+7 (21.0.6+7-LTS, mixed mode, sharing, tiered, compressed oops, compressed class ptrs, parallel gc, windows-amd64)
GC Precious Log:
 CardTable entry size: 512
 CPUs: 4 total, 4 available
 Memory: 8025M
 Large Page Support: Disabled
 NUMA Support: Disabled
 Compressed Oops: Enabled (32-bit)
 Alignments: Space 512K, Generation 512K, Heap 2M
 Heap Min Capacity: 100M
 Heap Initial Capacity: 100M
 Heap Max Capacity: 1G
 Pre-touch: Disabled
 Parallel Workers: 4
Heap:
 PSYoungGen      total 4608K, used 3958K [0x00000000eab00000, 0x00000000eb000000, 0x0000000100000000)
  eden space 4096K, 88% used [0x00000000eab00000,0x00000000eae99ff8,0x00000000eaf00000)
  from space 512K, 68% used [0x00000000eaf80000,0x00000000eafd8000,0x00000000eb000000)
  to   space 512K, 0% used [0x00000000eaf00000,0x00000000eaf00000,0x00000000eaf80000)
 ParOldGen       total 516608K, used 516458K [0x00000000c0000000, 0x00000000df880000, 0x00000000eab00000)
  object space 516608K, 99% used [0x00000000c0000000,0x00000000df85aa90,0x00000000df880000)
 Metaspace       used 61867K, committed 63168K, reserved 1114112K
  class space    used 6476K, committed 7040K, reserved 1048576K
GC Heap History (20 events):
Event: 268.226 GC heap after
{Heap after GC invocations=676 (full 3):
 PSYoungGen      total 3584K, used 384K [0x00000000eab00000, 0x00000000eaf80000, 0x0000000100000000)
  eden space 3072K, 0% used [0x00000000eab00000,0x00000000eab00000,0x00000000eae00000)
  from space 512K, 75% used [0x00000000eae80000,0x00000000eaee0000,0x00000000eaf00000)
  to   space 512K, 0% used [0x00000000eaf00000,0x00000000eaf00000,0x00000000eaf80000)
 ParOldGen       total 513024K, used 512807K [0x00000000c0000000, 0x00000000df500000, 0x00000000eab00000)
  object space 513024K, 99% used [0x00000000c0000000,0x00000000df4c9e78,0x00000000df500000)
 Metaspace       used 61867K, committed 63168K, reserved 1114112K
  class space    used 6476K, committed 7040K, reserved 1048576K
}
Event: 268.240 GC heap before
{Heap before GC invocations=677 (full 3):
 PSYoungGen      total 3584K, used 3456K [0x00000000eab00000, 0x00000000eaf80000, 0x0000000100000000)
  eden space 3072K, 100% used [0x00000000eab00000,0x00000000eae00000,0x00000000eae00000)
  from space 512K, 75% used [0x00000000eae80000,0x00000000eaee0000,0x00000000eaf00000)
  to   space 512K, 0% used [0x00000000eaf00000,0x00000000eaf00000,0x00000000eaf80000)
 ParOldGen       total 513024K, used 512807K [0x00000000c0000000, 0x00000000df500000, 0x00000000eab00000)
  object space 513024K, 99% used [0x00000000c0000000,0x00000000df4c9e78,0x00000000df500000)
 Metaspace       used 61867K, committed 63168K, reserved 1114112K
  class space    used 6476K, committed 7040K, reserved 1048576K
}
Event: 268.241 GC heap after
{Heap after GC invocations=677 (full 3):
 PSYoungGen      total 3584K, used 352K [0x00000000eab00000, 0x00000000eaf80000, 0x0000000100000000)
  eden space 3072K, 0% used [0x00000000eab00000,0x00000000eab00000,0x00000000eae00000)
  from space 512K, 68% used [0x00000000eaf00000,0x00000000eaf58000,0x00000000eaf80000)
  to   space 512K, 0% used [0x00000000eae80000,0x00000000eae80000,0x00000000eaf00000)
 ParOldGen       total 513536K, used 513167K [0x00000000c0000000, 0x00000000df580000, 0x00000000eab00000)
  object space 513536K, 99% used [0x00000000c0000000,0x00000000df523e78,0x00000000df580000)
 Metaspace       used 61867K, committed 63168K, reserved 1114112K
  class space    used 6476K, committed 7040K, reserved 1048576K
}
Event: 268.253 GC heap before
{Heap before GC invocations=678 (full 3):
 PSYoungGen      total 3584K, used 3424K [0x00000000eab00000, 0x00000000eaf80000, 0x0000000100000000)
  eden space 3072K, 100% used [0x00000000eab00000,0x00000000eae00000,0x00000000eae00000)
  from space 512K, 68% used [0x00000000eaf00000,0x00000000eaf58000,0x00000000eaf80000)
  to   space 512K, 0% used [0x00000000eae80000,0x00000000eae80000,0x00000000eaf00000)
 ParOldGen       total 513536K, used 513167K [0x00000000c0000000, 0x00000000df580000, 0x00000000eab00000)
  object space 513536K, 99% used [0x00000000c0000000,0x00000000df523e78,0x00000000df580000)
 Metaspace       used 61867K, committed 63168K, reserved 1114112K
  class space    used 6476K, committed 7040K, reserved 1048576K
}
Event: 268.255 GC heap after
{Heap after GC invocations=678 (full 3):
 PSYoungGen      total 3584K, used 480K [0x00000000eab00000, 0x00000000eaf80000, 0x0000000100000000)
  eden space 3072K, 0% used [0x00000000eab00000,0x00000000eab00000,0x00000000eae00000)
  from space 512K, 93% used [0x00000000eae80000,0x00000000eaef8000,0x00000000eaf00000)
  to   space 512K, 0% used [0x00000000eaf00000,0x00000000eaf00000,0x00000000eaf80000)
 ParOldGen       total 513536K, used 513471K [0x00000000c0000000, 0x00000000df580000, 0x00000000eab00000)
  object space 513536K, 99% used [0x00000000c0000000,0x00000000df56fe78,0x00000000df580000)
 Metaspace       used 61867K, committed 63168K, reserved 1114112K
  class space    used 6476K, committed 7040K, reserved 1048576K
}
Event: 268.266 GC heap before
{Heap before GC invocations=679 (full 3):
 PSYoungGen      total 3584K, used 3552K [0x00000000eab00000, 0x00000000eaf80000, 0x0000000100000000)
  eden space 3072K, 100% used [0x00000000eab00000,0x00000000eae00000,0x00000000eae00000)
  from space 512K, 93% used [0x00000000eae80000,0x00000000eaef8000,0x00000000eaf00000)
  to   space 512K, 0% used [0x00000000eaf00000,0x00000000eaf00000,0x00000000eaf80000)
 ParOldGen       total 513536K, used 513471K [0x00000000c0000000, 0x00000000df580000, 0x00000000eab00000)
  object space 513536K, 99% used [0x00000000c0000000,0x00000000df56fe78,0x00000000df580000)
 Metaspace       used 61867K, committed 63168K, reserved 1114112K
  class space    used 6476K, committed 7040K, reserved 1048576K
}
Event: 268.268 GC heap after
{Heap after GC invocations=679 (full 3):
 PSYoungGen      total 3584K, used 432K [0x00000000eab00000, 0x00000000eaf80000, 0x0000000100000000)
  eden space 3072K, 0% used [0x00000000eab00000,0x00000000eab00000,0x00000000eae00000)
  from space 512K, 84% used [0x00000000eaf00000,0x00000000eaf6c2b0,0x00000000eaf80000)
  to   space 512K, 0% used [0x00000000eae80000,0x00000000eae80000,0x00000000eaf00000)
 ParOldGen       total 514048K, used 513839K [0x00000000c0000000, 0x00000000df600000, 0x00000000eab00000)
  object space 514048K, 99% used [0x00000000c0000000,0x00000000df5cbe78,0x00000000df600000)
 Metaspace       used 61867K, committed 63168K, reserved 1114112K
  class space    used 6476K, committed 7040K, reserved 1048576K
}
Event: 268.275 GC heap before
{Heap before GC invocations=680 (full 3):
 PSYoungGen      total 3584K, used 3504K [0x00000000eab00000, 0x00000000eaf80000, 0x0000000100000000)
  eden space 3072K, 100% used [0x00000000eab00000,0x00000000eae00000,0x00000000eae00000)
  from space 512K, 84% used [0x00000000eaf00000,0x00000000eaf6c2b0,0x00000000eaf80000)
  to   space 512K, 0% used [0x00000000eae80000,0x00000000eae80000,0x00000000eaf00000)
 ParOldGen       total 514048K, used 513839K [0x00000000c0000000, 0x00000000df600000, 0x00000000eab00000)
  object space 514048K, 99% used [0x00000000c0000000,0x00000000df5cbe78,0x00000000df600000)
 Metaspace       used 61867K, committed 63168K, reserved 1114112K
  class space    used 6476K, committed 7040K, reserved 1048576K
}
Event: 268.277 GC heap after
{Heap after GC invocations=680 (full 3):
 PSYoungGen      total 3584K, used 384K [0x00000000eab00000, 0x00000000eaf80000, 0x0000000100000000)
  eden space 3072K, 0% used [0x00000000eab00000,0x00000000eab00000,0x00000000eae00000)
  from space 512K, 75% used [0x00000000eae80000,0x00000000eaee0000,0x00000000eaf00000)
  to   space 512K, 0% used [0x00000000eaf00000,0x00000000eaf00000,0x00000000eaf80000)
 ParOldGen       total 514560K, used 514119K [0x00000000c0000000, 0x00000000df680000, 0x00000000eab00000)
  object space 514560K, 99% used [0x00000000c0000000,0x00000000df611e78,0x00000000df680000)
 Metaspace       used 61867K, committed 63168K, reserved 1114112K
  class space    used 6476K, committed 7040K, reserved 1048576K
}
Event: 268.285 GC heap before
{Heap before GC invocations=681 (full 3):
 PSYoungGen      total 3584K, used 3449K [0x00000000eab00000, 0x00000000eaf80000, 0x0000000100000000)
  eden space 3072K, 99% used [0x00000000eab00000,0x00000000eadfe5c8,0x00000000eae00000)
  from space 512K, 75% used [0x00000000eae80000,0x00000000eaee0000,0x00000000eaf00000)
  to   space 512K, 0% used [0x00000000eaf00000,0x00000000eaf00000,0x00000000eaf80000)
 ParOldGen       total 514560K, used 514119K [0x00000000c0000000, 0x00000000df680000, 0x00000000eab00000)
  object space 514560K, 99% used [0x00000000c0000000,0x00000000df611e78,0x00000000df680000)
 Metaspace       used 61867K, committed 63168K, reserved 1114112K
  class space    used 6476K, committed 7040K, reserved 1048576K
}
Event: 268.287 GC heap after
{Heap after GC invocations=681 (full 3):
 PSYoungGen      total 3584K, used 352K [0x00000000eab00000, 0x00000000eaf80000, 0x0000000100000000)
  eden space 3072K, 0% used [0x00000000eab00000,0x00000000eab00000,0x00000000eae00000)
  from space 512K, 68% used [0x00000000eaf00000,0x00000000eaf58000,0x00000000eaf80000)
  to   space 512K, 0% used [0x00000000eae80000,0x00000000eae80000,0x00000000eaf00000)
 ParOldGen       total 514560K, used 514447K [0x00000000c0000000, 0x00000000df680000, 0x00000000eab00000)
  object space 514560K, 99% used [0x00000000c0000000,0x00000000df663e78,0x00000000df680000)
 Metaspace       used 61867K, committed 63168K, reserved 1114112K
  class space    used 6476K, committed 7040K, reserved 1048576K
}
Event: 268.295 GC heap before
{Heap before GC invocations=682 (full 3):
 PSYoungGen      total 3584K, used 3424K [0x00000000eab00000, 0x00000000eaf80000, 0x0000000100000000)
  eden space 3072K, 100% used [0x00000000eab00000,0x00000000eae00000,0x00000000eae00000)
  from space 512K, 68% used [0x00000000eaf00000,0x00000000eaf58000,0x00000000eaf80000)
  to   space 512K, 0% used [0x00000000eae80000,0x00000000eae80000,0x00000000eaf00000)
 ParOldGen       total 514560K, used 514447K [0x00000000c0000000, 0x00000000df680000, 0x00000000eab00000)
  object space 514560K, 99% used [0x00000000c0000000,0x00000000df663e78,0x00000000df680000)
 Metaspace       used 61867K, committed 63168K, reserved 1114112K
  class space    used 6476K, committed 7040K, reserved 1048576K
}
Event: 268.297 GC heap after
{Heap after GC invocations=682 (full 3):
 PSYoungGen      total 3584K, used 384K [0x00000000eab00000, 0x00000000eaf80000, 0x0000000100000000)
  eden space 3072K, 0% used [0x00000000eab00000,0x00000000eab00000,0x00000000eae00000)
  from space 512K, 75% used [0x00000000eae80000,0x00000000eaee0000,0x00000000eaf00000)
  to   space 512K, 0% used [0x00000000eaf00000,0x00000000eaf00000,0x00000000eaf80000)
 ParOldGen       total 515072K, used 514767K [0x00000000c0000000, 0x00000000df700000, 0x00000000eab00000)
  object space 515072K, 99% used [0x00000000c0000000,0x00000000df6b3e78,0x00000000df700000)
 Metaspace       used 61867K, committed 63168K, reserved 1114112K
  class space    used 6476K, committed 7040K, reserved 1048576K
}
Event: 268.307 GC heap before
{Heap before GC invocations=683 (full 3):
 PSYoungGen      total 3584K, used 3455K [0x00000000eab00000, 0x00000000eaf80000, 0x0000000100000000)
  eden space 3072K, 99% used [0x00000000eab00000,0x00000000eadfffe8,0x00000000eae00000)
  from space 512K, 75% used [0x00000000eae80000,0x00000000eaee0000,0x00000000eaf00000)
  to   space 512K, 0% used [0x00000000eaf00000,0x00000000eaf00000,0x00000000eaf80000)
 ParOldGen       total 515072K, used 514767K [0x00000000c0000000, 0x00000000df700000, 0x00000000eab00000)
  object space 515072K, 99% used [0x00000000c0000000,0x00000000df6b3e78,0x00000000df700000)
 Metaspace       used 61867K, committed 63168K, reserved 1114112K
  class space    used 6476K, committed 7040K, reserved 1048576K
}
Event: 268.310 GC heap after
{Heap after GC invocations=683 (full 3):
 PSYoungGen      total 3584K, used 320K [0x00000000eab00000, 0x00000000eaf80000, 0x0000000100000000)
  eden space 3072K, 0% used [0x00000000eab00000,0x00000000eab00000,0x00000000eae00000)
  from space 512K, 62% used [0x00000000eaf00000,0x00000000eaf50000,0x00000000eaf80000)
  to   space 512K, 0% used [0x00000000eae80000,0x00000000eae80000,0x00000000eaf00000)
 ParOldGen       total 515072K, used 515055K [0x00000000c0000000, 0x00000000df700000, 0x00000000eab00000)
  object space 515072K, 99% used [0x00000000c0000000,0x00000000df6fbe78,0x00000000df700000)
 Metaspace       used 61867K, committed 63168K, reserved 1114112K
  class space    used 6476K, committed 7040K, reserved 1048576K
}
Event: 268.320 GC heap before
{Heap before GC invocations=684 (full 3):
 PSYoungGen      total 3584K, used 3392K [0x00000000eab00000, 0x00000000eaf80000, 0x0000000100000000)
  eden space 3072K, 100% used [0x00000000eab00000,0x00000000eae00000,0x00000000eae00000)
  from space 512K, 62% used [0x00000000eaf00000,0x00000000eaf50000,0x00000000eaf80000)
  to   space 512K, 0% used [0x00000000eae80000,0x00000000eae80000,0x00000000eaf00000)
 ParOldGen       total 515072K, used 515055K [0x00000000c0000000, 0x00000000df700000, 0x00000000eab00000)
  object space 515072K, 99% used [0x00000000c0000000,0x00000000df6fbe78,0x00000000df700000)
 Metaspace       used 61867K, committed 63168K, reserved 1114112K
  class space    used 6476K, committed 7040K, reserved 1048576K
}
Event: 268.323 GC heap after
{Heap after GC invocations=684 (full 3):
 PSYoungGen      total 3584K, used 504K [0x00000000eab00000, 0x00000000eb000000, 0x0000000100000000)
  eden space 3072K, 0% used [0x00000000eab00000,0x00000000eab00000,0x00000000eae00000)
  from space 512K, 98% used [0x00000000eae80000,0x00000000eaefe008,0x00000000eaf00000)
  to   space 1024K, 0% used [0x00000000eaf00000,0x00000000eaf00000,0x00000000eb000000)
 ParOldGen       total 515584K, used 515351K [0x00000000c0000000, 0x00000000df780000, 0x00000000eab00000)
  object space 515584K, 99% used [0x00000000c0000000,0x00000000df745e78,0x00000000df780000)
 Metaspace       used 61867K, committed 63168K, reserved 1114112K
  class space    used 6476K, committed 7040K, reserved 1048576K
}
Event: 268.331 GC heap before
{Heap before GC invocations=685 (full 3):
 PSYoungGen      total 3584K, used 3571K [0x00000000eab00000, 0x00000000eb000000, 0x0000000100000000)
  eden space 3072K, 99% used [0x00000000eab00000,0x00000000eadfee50,0x00000000eae00000)
  from space 512K, 98% used [0x00000000eae80000,0x00000000eaefe008,0x00000000eaf00000)
  to   space 1024K, 0% used [0x00000000eaf00000,0x00000000eaf00000,0x00000000eb000000)
 ParOldGen       total 515584K, used 515351K [0x00000000c0000000, 0x00000000df780000, 0x00000000eab00000)
  object space 515584K, 99% used [0x00000000c0000000,0x00000000df745e78,0x00000000df780000)
 Metaspace       used 61867K, committed 63168K, reserved 1114112K
  class space    used 6476K, committed 7040K, reserved 1048576K
}
Event: 268.334 GC heap after
{Heap after GC invocations=685 (full 3):
 PSYoungGen      total 4096K, used 416K [0x00000000eab00000, 0x00000000eb100000, 0x0000000100000000)
  eden space 3072K, 0% used [0x00000000eab00000,0x00000000eab00000,0x00000000eae00000)
  from space 1024K, 40% used [0x00000000eaf00000,0x00000000eaf68000,0x00000000eb000000)
  to   space 1024K, 0% used [0x00000000eae00000,0x00000000eae00000,0x00000000eaf00000)
 ParOldGen       total 516096K, used 515855K [0x00000000c0000000, 0x00000000df800000, 0x00000000eab00000)
  object space 516096K, 99% used [0x00000000c0000000,0x00000000df7c3e80,0x00000000df800000)
 Metaspace       used 61867K, committed 63168K, reserved 1114112K
  class space    used 6476K, committed 7040K, reserved 1048576K
}
Event: 268.341 GC heap before
{Heap before GC invocations=686 (full 3):
 PSYoungGen      total 4096K, used 3488K [0x00000000eab00000, 0x00000000eb100000, 0x0000000100000000)
  eden space 3072K, 100% used [0x00000000eab00000,0x00000000eae00000,0x00000000eae00000)
  from space 1024K, 40% used [0x00000000eaf00000,0x00000000eaf68000,0x00000000eb000000)
  to   space 1024K, 0% used [0x00000000eae00000,0x00000000eae00000,0x00000000eaf00000)
 ParOldGen       total 516096K, used 515855K [0x00000000c0000000, 0x00000000df800000, 0x00000000eab00000)
  object space 516096K, 99% used [0x00000000c0000000,0x00000000df7c3e80,0x00000000df800000)
 Metaspace       used 61867K, committed 63168K, reserved 1114112K
  class space    used 6476K, committed 7040K, reserved 1048576K
}

