# JRE version: OpenJDK Runtime Environment Temurin-21.0.6+7 (21.0.6+7) (build 21.0.6+7-LTS)
# Java VM: OpenJDK 64-Bit Server VM Temurin-21.0.6+7 (21.0.6+7-LTS, mixed mode, sharing, tiered, compressed oops, compressed class ptrs, parallel gc, windows-amd64)
GC Precious Log:
 CardTable entry size: 512
 CPUs: 4 total, 4 available
 Memory: 8025M
 Large Page Support: Disabled
 NUMA Support: Disabled
 Compressed Oops: Enabled (32-bit)
 Alignments: Space 512K, Generation 512K, Heap 2M
 Heap Min Capacity: 100M
 Heap Initial Capacity: 100M
 Heap Max Capacity: 1G
 Pre-touch: Disabled
 Parallel Workers: 4
Heap:
 PSYoungGen      total 5632K, used 2935K [0x00000000eab00000, 0x00000000eb180000, 0x0000000100000000)
  eden space 4608K, 52% used [0x00000000eab00000,0x00000000ead5f148,0x00000000eaf80000)
  from space 1024K, 49% used [0x00000000eaf80000,0x00000000eaffec08,0x00000000eb080000)
  to   space 1024K, 0% used [0x00000000eb080000,0x00000000eb080000,0x00000000eb180000)
 ParOldGen       total 455168K, used 454657K [0x00000000c0000000, 0x00000000dbc80000, 0x00000000eab00000)
  object space 455168K, 99% used [0x00000000c0000000,0x00000000dbc004b0,0x00000000dbc80000)
 Metaspace       used 49430K, committed 50560K, reserved 1114112K
  class space    used 5132K, committed 5632K, reserved 1048576K
GC Heap History (20 events):
Event: 38.816 GC heap before
{Heap before GC invocations=402 (full 2):
 PSYoungGen      total 5120K, used 4662K [0x00000000eab00000, 0x00000000eb100000, 0x0000000100000000)
  eden space 4096K, 100% used [0x00000000eab00000,0x00000000eaf00000,0x00000000eaf00000)
  from space 1024K, 55% used [0x00000000eaf00000,0x00000000eaf8d808,0x00000000eb000000)
  to   space 1024K, 0% used [0x00000000eb000000,0x00000000eb000000,0x00000000eb100000)
 ParOldGen       total 451584K, used 451519K [0x00000000c0000000, 0x00000000db900000, 0x00000000eab00000)
  object space 451584K, 99% used [0x00000000c0000000,0x00000000db8efcc0,0x00000000db900000)
 Metaspace       used 49430K, committed 50560K, reserved 1114112K
  class space    used 5132K, committed 5632K, reserved 1048576K
}
Event: 38.819 GC heap after
{Heap after GC invocations=402 (full 2):
 PSYoungGen      total 4608K, used 448K [0x00000000eab00000, 0x00000000eb080000, 0x0000000100000000)
  eden space 4096K, 0% used [0x00000000eab00000,0x00000000eab00000,0x00000000eaf00000)
  from space 512K, 87% used [0x00000000eb000000,0x00000000eb070000,0x00000000eb080000)
  to   space 512K, 0% used [0x00000000eaf80000,0x00000000eaf80000,0x00000000eb000000)
 ParOldGen       total 452096K, used 452021K [0x00000000c0000000, 0x00000000db980000, 0x00000000eab00000)
  object space 452096K, 99% used [0x00000000c0000000,0x00000000db96d4c8,0x00000000db980000)
 Metaspace       used 49430K, committed 50560K, reserved 1114112K
  class space    used 5132K, committed 5632K, reserved 1048576K
}
Event: 38.901 GC heap before
{Heap before GC invocations=403 (full 2):
 PSYoungGen      total 4608K, used 4544K [0x00000000eab00000, 0x00000000eb080000, 0x0000000100000000)
  eden space 4096K, 100% used [0x00000000eab00000,0x00000000eaf00000,0x00000000eaf00000)
  from space 512K, 87% used [0x00000000eb000000,0x00000000eb070000,0x00000000eb080000)
  to   space 512K, 0% used [0x00000000eaf80000,0x00000000eaf80000,0x00000000eb000000)
 ParOldGen       total 452096K, used 452021K [0x00000000c0000000, 0x00000000db980000, 0x00000000eab00000)
  object space 452096K, 99% used [0x00000000c0000000,0x00000000db96d4c8,0x00000000db980000)
 Metaspace       used 49430K, committed 50560K, reserved 1114112K
  class space    used 5132K, committed 5632K, reserved 1048576K
}
Event: 38.905 GC heap after
{Heap after GC invocations=403 (full 2):
 PSYoungGen      total 4608K, used 352K [0x00000000eab00000, 0x00000000eb080000, 0x0000000100000000)
  eden space 4096K, 0% used [0x00000000eab00000,0x00000000eab00000,0x00000000eaf00000)
  from space 512K, 68% used [0x00000000eaf80000,0x00000000eafd8000,0x00000000eb000000)
  to   space 512K, 0% used [0x00000000eb000000,0x00000000eb000000,0x00000000eb080000)
 ParOldGen       total 452608K, used 452229K [0x00000000c0000000, 0x00000000dba00000, 0x00000000eab00000)
  object space 452608K, 99% used [0x00000000c0000000,0x00000000db9a14c8,0x00000000dba00000)
 Metaspace       used 49430K, committed 50560K, reserved 1114112K
  class space    used 5132K, committed 5632K, reserved 1048576K
}
Event: 38.934 GC heap before
{Heap before GC invocations=404 (full 2):
 PSYoungGen      total 4608K, used 4434K [0x00000000eab00000, 0x00000000eb080000, 0x0000000100000000)
  eden space 4096K, 99% used [0x00000000eab00000,0x00000000eaefc880,0x00000000eaf00000)
  from space 512K, 68% used [0x00000000eaf80000,0x00000000eafd8000,0x00000000eb000000)
  to   space 512K, 0% used [0x00000000eb000000,0x00000000eb000000,0x00000000eb080000)
 ParOldGen       total 452608K, used 452229K [0x00000000c0000000, 0x00000000dba00000, 0x00000000eab00000)
  object space 452608K, 99% used [0x00000000c0000000,0x00000000db9a14c8,0x00000000dba00000)
 Metaspace       used 49430K, committed 50560K, reserved 1114112K
  class space    used 5132K, committed 5632K, reserved 1048576K
}
Event: 38.938 GC heap after
{Heap after GC invocations=404 (full 2):
 PSYoungGen      total 4608K, used 507K [0x00000000eab00000, 0x00000000eb100000, 0x0000000100000000)
  eden space 4096K, 0% used [0x00000000eab00000,0x00000000eab00000,0x00000000eaf00000)
  from space 512K, 99% used [0x00000000eb000000,0x00000000eb07ec08,0x00000000eb080000)
  to   space 1024K, 0% used [0x00000000eaf00000,0x00000000eaf00000,0x00000000eb000000)
 ParOldGen       total 452608K, used 452537K [0x00000000c0000000, 0x00000000dba00000, 0x00000000eab00000)
  object space 452608K, 99% used [0x00000000c0000000,0x00000000db9ee4e0,0x00000000dba00000)
 Metaspace       used 49430K, committed 50560K, reserved 1114112K
  class space    used 5132K, committed 5632K, reserved 1048576K
}
Event: 39.053 GC heap before
{Heap before GC invocations=405 (full 2):
 PSYoungGen      total 4608K, used 4603K [0x00000000eab00000, 0x00000000eb100000, 0x0000000100000000)
  eden space 4096K, 100% used [0x00000000eab00000,0x00000000eaf00000,0x00000000eaf00000)
  from space 512K, 99% used [0x00000000eb000000,0x00000000eb07ec08,0x00000000eb080000)
  to   space 1024K, 0% used [0x00000000eaf00000,0x00000000eaf00000,0x00000000eb000000)
 ParOldGen       total 452608K, used 452537K [0x00000000c0000000, 0x00000000dba00000, 0x00000000eab00000)
  object space 452608K, 99% used [0x00000000c0000000,0x00000000db9ee4e0,0x00000000dba00000)
 Metaspace       used 49430K, committed 50560K, reserved 1114112K
  class space    used 5132K, committed 5632K, reserved 1048576K
}
Event: 39.057 GC heap after
{Heap after GC invocations=405 (full 2):
 PSYoungGen      total 5120K, used 448K [0x00000000eab00000, 0x00000000eb080000, 0x0000000100000000)
  eden space 4096K, 0% used [0x00000000eab00000,0x00000000eab00000,0x00000000eaf00000)
  from space 1024K, 43% used [0x00000000eaf00000,0x00000000eaf70000,0x00000000eb000000)
  to   space 512K, 0% used [0x00000000eb000000,0x00000000eb000000,0x00000000eb080000)
 ParOldGen       total 453120K, used 452988K [0x00000000c0000000, 0x00000000dba80000, 0x00000000eab00000)
  object space 453120K, 99% used [0x00000000c0000000,0x00000000dba5f0e8,0x00000000dba80000)
 Metaspace       used 49430K, committed 50560K, reserved 1114112K
  class space    used 5132K, committed 5632K, reserved 1048576K
}
Event: 39.132 GC heap before
{Heap before GC invocations=406 (full 2):
 PSYoungGen      total 5120K, used 4544K [0x00000000eab00000, 0x00000000eb080000, 0x0000000100000000)
  eden space 4096K, 100% used [0x00000000eab00000,0x00000000eaf00000,0x00000000eaf00000)
  from space 1024K, 43% used [0x00000000eaf00000,0x00000000eaf70000,0x00000000eb000000)
  to   space 512K, 0% used [0x00000000eb000000,0x00000000eb000000,0x00000000eb080000)
 ParOldGen       total 453120K, used 452988K [0x00000000c0000000, 0x00000000dba80000, 0x00000000eab00000)
  object space 453120K, 99% used [0x00000000c0000000,0x00000000dba5f0e8,0x00000000dba80000)
 Metaspace       used 49430K, committed 50560K, reserved 1114112K
  class space    used 5132K, committed 5632K, reserved 1048576K
}
Event: 39.135 GC heap after
{Heap after GC invocations=406 (full 2):
 PSYoungGen      total 4608K, used 497K [0x00000000eab00000, 0x00000000eb080000, 0x0000000100000000)
  eden space 4096K, 0% used [0x00000000eab00000,0x00000000eab00000,0x00000000eaf00000)
  from space 512K, 97% used [0x00000000eb000000,0x00000000eb07c558,0x00000000eb080000)
  to   space 512K, 0% used [0x00000000eaf80000,0x00000000eaf80000,0x00000000eb000000)
 ParOldGen       total 453632K, used 453164K [0x00000000c0000000, 0x00000000dbb00000, 0x00000000eab00000)
  object space 453632K, 99% used [0x00000000c0000000,0x00000000dba8b0e8,0x00000000dbb00000)
 Metaspace       used 49430K, committed 50560K, reserved 1114112K
  class space    used 5132K, committed 5632K, reserved 1048576K
}
Event: 39.150 GC heap before
{Heap before GC invocations=407 (full 2):
 PSYoungGen      total 4608K, used 4593K [0x00000000eab00000, 0x00000000eb080000, 0x0000000100000000)
  eden space 4096K, 100% used [0x00000000eab00000,0x00000000eaf00000,0x00000000eaf00000)
  from space 512K, 97% used [0x00000000eb000000,0x00000000eb07c558,0x00000000eb080000)
  to   space 512K, 0% used [0x00000000eaf80000,0x00000000eaf80000,0x00000000eb000000)
 ParOldGen       total 453632K, used 453164K [0x00000000c0000000, 0x00000000dbb00000, 0x00000000eab00000)
  object space 453632K, 99% used [0x00000000c0000000,0x00000000dba8b0e8,0x00000000dbb00000)
 Metaspace       used 49430K, committed 50560K, reserved 1114112K
  class space    used 5132K, committed 5632K, reserved 1048576K
}
Event: 39.153 GC heap after
{Heap after GC invocations=407 (full 2):
 PSYoungGen      total 4608K, used 416K [0x00000000eab00000, 0x00000000eb080000, 0x0000000100000000)
  eden space 4096K, 0% used [0x00000000eab00000,0x00000000eab00000,0x00000000eaf00000)
  from space 512K, 81% used [0x00000000eaf80000,0x00000000eafe8000,0x00000000eb000000)
  to   space 512K, 0% used [0x00000000eb000000,0x00000000eb000000,0x00000000eb080000)
 ParOldGen       total 453632K, used 453494K [0x00000000c0000000, 0x00000000dbb00000, 0x00000000eab00000)
  object space 453632K, 99% used [0x00000000c0000000,0x00000000dbaddb88,0x00000000dbb00000)
 Metaspace       used 49430K, committed 50560K, reserved 1114112K
  class space    used 5132K, committed 5632K, reserved 1048576K
}
Event: 39.224 GC heap before
{Heap before GC invocations=408 (full 2):
 PSYoungGen      total 4608K, used 4506K [0x00000000eab00000, 0x00000000eb080000, 0x0000000100000000)
  eden space 4096K, 99% used [0x00000000eab00000,0x00000000eaefeaf0,0x00000000eaf00000)
  from space 512K, 81% used [0x00000000eaf80000,0x00000000eafe8000,0x00000000eb000000)
  to   space 512K, 0% used [0x00000000eb000000,0x00000000eb000000,0x00000000eb080000)
 ParOldGen       total 453632K, used 453494K [0x00000000c0000000, 0x00000000dbb00000, 0x00000000eab00000)
  object space 453632K, 99% used [0x00000000c0000000,0x00000000dbaddb88,0x00000000dbb00000)
 Metaspace       used 49430K, committed 50560K, reserved 1114112K
  class space    used 5132K, committed 5632K, reserved 1048576K
}
Event: 39.226 GC heap after
{Heap after GC invocations=408 (full 2):
 PSYoungGen      total 4608K, used 507K [0x00000000eab00000, 0x00000000eb100000, 0x0000000100000000)
  eden space 4096K, 0% used [0x00000000eab00000,0x00000000eab00000,0x00000000eaf00000)
  from space 512K, 99% used [0x00000000eb000000,0x00000000eb07ec08,0x00000000eb080000)
  to   space 1024K, 0% used [0x00000000eaf00000,0x00000000eaf00000,0x00000000eb000000)
 ParOldGen       total 454144K, used 453886K [0x00000000c0000000, 0x00000000dbb80000, 0x00000000eab00000)
  object space 454144K, 99% used [0x00000000c0000000,0x00000000dbb3fb88,0x00000000dbb80000)
 Metaspace       used 49430K, committed 50560K, reserved 1114112K
  class space    used 5132K, committed 5632K, reserved 1048576K
}
Event: 39.286 GC heap before
{Heap before GC invocations=409 (full 2):
 PSYoungGen      total 4608K, used 4603K [0x00000000eab00000, 0x00000000eb100000, 0x0000000100000000)
  eden space 4096K, 100% used [0x00000000eab00000,0x00000000eaf00000,0x00000000eaf00000)
  from space 512K, 99% used [0x00000000eb000000,0x00000000eb07ec08,0x00000000eb080000)
  to   space 1024K, 0% used [0x00000000eaf00000,0x00000000eaf00000,0x00000000eb000000)
 ParOldGen       total 454144K, used 453886K [0x00000000c0000000, 0x00000000dbb80000, 0x00000000eab00000)
  object space 454144K, 99% used [0x00000000c0000000,0x00000000dbb3fb88,0x00000000dbb80000)
 Metaspace       used 49430K, committed 50560K, reserved 1114112K
  class space    used 5132K, committed 5632K, reserved 1048576K
}
Event: 39.917 GC heap after
{Heap after GC invocations=409 (full 2):
 PSYoungGen      total 5120K, used 256K [0x00000000eab00000, 0x00000000eb100000, 0x0000000100000000)
  eden space 4096K, 0% used [0x00000000eab00000,0x00000000eab00000,0x00000000eaf00000)
  from space 1024K, 25% used [0x00000000eaf00000,0x00000000eaf40000,0x00000000eb000000)
  to   space 512K, 0% used [0x00000000eb080000,0x00000000eb080000,0x00000000eb100000)
 ParOldGen       total 454656K, used 454193K [0x00000000c0000000, 0x00000000dbc00000, 0x00000000eab00000)
  object space 454656K, 99% used [0x00000000c0000000,0x00000000dbb8c790,0x00000000dbc00000)
 Metaspace       used 49430K, committed 50560K, reserved 1114112K
  class space    used 5132K, committed 5632K, reserved 1048576K
}
Event: 40.167 GC heap before
{Heap before GC invocations=410 (full 2):
 PSYoungGen      total 5120K, used 4352K [0x00000000eab00000, 0x00000000eb100000, 0x0000000100000000)
  eden space 4096K, 100% used [0x00000000eab00000,0x00000000eaf00000,0x00000000eaf00000)
  from space 1024K, 25% used [0x00000000eaf00000,0x00000000eaf40000,0x00000000eb000000)
  to   space 512K, 0% used [0x00000000eb080000,0x00000000eb080000,0x00000000eb100000)
 ParOldGen       total 454656K, used 454193K [0x00000000c0000000, 0x00000000dbc00000, 0x00000000eab00000)
  object space 454656K, 99% used [0x00000000c0000000,0x00000000dbb8c790,0x00000000dbc00000)
 Metaspace       used 49430K, committed 50560K, reserved 1114112K
  class space    used 5132K, committed 5632K, reserved 1048576K
}
Event: 40.296 GC heap after
{Heap after GC invocations=410 (full 2):
 PSYoungGen      total 5120K, used 503K [0x00000000eab00000, 0x00000000eb200000, 0x0000000100000000)
  eden space 4608K, 0% used [0x00000000eab00000,0x00000000eab00000,0x00000000eaf80000)
  from space 512K, 98% used [0x00000000eb080000,0x00000000eb0fdd20,0x00000000eb100000)
  to   space 1024K, 0% used [0x00000000eaf80000,0x00000000eaf80000,0x00000000eb080000)
 ParOldGen       total 454656K, used 454273K [0x00000000c0000000, 0x00000000dbc00000, 0x00000000eab00000)
  object space 454656K, 99% used [0x00000000c0000000,0x00000000dbba0790,0x00000000dbc00000)
 Metaspace       used 49430K, committed 50560K, reserved 1114112K
  class space    used 5132K, committed 5632K, reserved 1048576K
}
Event: 40.413 GC heap before
{Heap before GC invocations=411 (full 2):
 PSYoungGen      total 5120K, used 5111K [0x00000000eab00000, 0x00000000eb200000, 0x0000000100000000)
  eden space 4608K, 100% used [0x00000000eab00000,0x00000000eaf80000,0x00000000eaf80000)
  from space 512K, 98% used [0x00000000eb080000,0x00000000eb0fdd20,0x00000000eb100000)
  to   space 1024K, 0% used [0x00000000eaf80000,0x00000000eaf80000,0x00000000eb080000)
 ParOldGen       total 454656K, used 454273K [0x00000000c0000000, 0x00000000dbc00000, 0x00000000eab00000)
  object space 454656K, 99% used [0x00000000c0000000,0x00000000dbba0790,0x00000000dbc00000)
 Metaspace       used 49430K, committed 50560K, reserved 1114112K
  class space    used 5132K, committed 5632K, reserved 1048576K
}
Event: 40.416 GC heap after
{Heap after GC invocations=411 (full 2):
 PSYoungGen      total 5632K, used 507K [0x00000000eab00000, 0x00000000eb180000, 0x0000000100000000)
  eden space 4608K, 0% used [0x00000000eab00000,0x00000000eab00000,0x00000000eaf80000)
  from space 1024K, 49% used [0x00000000eaf80000,0x00000000eaffec08,0x00000000eb080000)
  to   space 1024K, 0% used [0x00000000eb080000,0x00000000eb080000,0x00000000eb180000)
 ParOldGen       total 455168K, used 454657K [0x00000000c0000000, 0x00000000dbc80000, 0x00000000eab00000)
  object space 455168K, 99% used [0x00000000c0000000,0x00000000dbc004b0,0x00000000dbc80000)
 Metaspace       used 49430K, committed 50560K, reserved 1114112K
  class space    used 5132K, committed 5632K, reserved 1048576K
}

